2026-01-24 08:37:42 | ==== START ====
2026-01-24 08:37:42 | Fetching config...
2026-01-24 08:37:42 | CONFIG HTTP: 200
2026-01-24 08:37:42 | MDB PATH FROM SERVER: C:\Program Files (x86)\ZKTime5.0\att2000.mdb
2026-01-24 08:37:42 | MDB FOUND: C:\Program Files (x86)\ZKTime5.0\att2000.mdb
2026-01-24 08:37:42 | Dumping MDB → SQL
2026-01-24 08:37:43 | SQL DUMP GENERATED: 494382 bytes
2026-01-24 08:37:43 | Uploading SQL dump...
2026-01-24 08:37:43 | UPLOAD HTTP: 500
2026-01-24 08:37:43 | UPLOAD RESPONSE: {
    "message": "Call to undefined function App\\Http\\Controllers\\Backend\\popen()",
    "exception": "Error",
    "file": "/home/bidyapith/public_html/jmagc-atos.bidyapith.com/app/Http/Controllers/Backend/AccessUploadController.php",
    "line": 147,
    "trace": [
        {
            "file": "/home/bidyapith/public_html/jmagc-atos.bidyapith.com/app/Http/Controllers/Backend/AccessUploadController.php",
            "line": 66,
            "function": "runSyncInBackground",
            "class": "App\\Http\\Controllers\\Backend\\AccessUploadController",
            "type": "->"
        },
        {
            "file": "/home/bidyapith/public_html/jmagc-atos.bidyapith.com/vendor/laravel/framework/src/Illuminate/Routing/Controller.php",
            "line": 54,
            "function": "upload",
            "class": "App\\Http\\Controllers\\Backend\\AccessUploadController",
            "type": "->"
        },
        {
            "file": "/home/bidyapith/public_html/jmagc-atos.bidyapith.com/vendor/laravel/framework/src/Illuminate/Routing/ControllerDispatcher.php",
            "line": 43,
            "function": "callAction",
            "class": "Illuminate\\Routing\\Controller",
            "type": "->"
        },
        {
            "file": "/home/bidyapith/public_html/jmagc-atos.bidyapith.com/vendor/laravel/framework/src/Illuminate/Routing/Route.php",
            "line": 265,
            "function": "dispatch",
            "class": "Illuminate\\Routing\\ControllerDispatcher",
            "type": "->"
        },
        {
            "file": "/home/bidyapith/public_html/jmagc-atos.bidyapith.com/vendor/laravel/framework/src/Illuminate/Routing/Route.php",
            "line": 211,
            "function": "runController",
            "class": "Illuminate\\Routing\\Route",
            "type": "->"
        },
        {
            "file": "/home/bidyapith/public_html/jmagc-atos.bidyapith.com/vendor/laravel/framework/src/Illuminate/Routing/Router.php",
            "line": 822,
            "function": "run",
            "class": "Illuminate\\Routing\\Route",
            "type": "->"
        },
        {
            "file": "/home/bidyapith/public_html/jmagc-atos.bidyapith.com/vendor/laravel/framework/src/Illuminate/Pipeline/Pipeline.php",
            "line": 180,
            "function": "Illuminate\\Routing\\{closure}",
            "class": "Illuminate\\Routing\\Router",
            "type": "->"
        },
        {
            "file": "/home/bidyapith/public_html/jmagc-atos.bidyapith.com/app/Http/Middleware/VerifyAccessSyncToken.php",
            "line": 24,
            "function": "Illuminate\\Pipeline\\{closure}",
            "class": "Illuminate\\Pipeline\\Pipeline",
            "type": "->"
        },
        {
            "file": "/home/bidyapith/public_html/jmagc-atos.bidyapith.com/vendor/laravel/framework/src/Illuminate/Pipeline/Pipeline.php",
            "line": 219,
            "function": "handle",
            "class": "App\\Http\\Middleware\\VerifyAccessSyncToken",
            "type": "->"
        },
        {
            "file": "/home/bidyapith/public_html/jmagc-atos.bidyapith.com/vendor/laravel/framework/src/Illuminate/Routing/Middleware/SubstituteBindings.php",
            "line": 50,
            "function": "Illuminate\\Pipeline\\{closure}",
            "class": "Illuminate\\Pipeline\\Pipeline",
            "type": "->"
        },
        {
            "file": "/home/bidyapith/public_html/jmagc-atos.bidyapith.com/vendor/laravel/framework/src/Illuminate/Pipeline/Pipeline.php",
            "line": 219,
            "function": "handle",
            "class": "Illuminate\\Routing\\Middleware\\SubstituteBindings",
            "type": "->"
        },
        {
            "file": "/home/bidyapith/public_html/jmagc-atos.bidyapith.com/vendor/laravel/framework/src/Illuminate/Pipeline/Pipeline.php",
            "line": 137,
            "function": "Illuminate\\Pipeline\\{closure}",
            "class": "Illuminate\\Pipeline\\Pipeline",
            "type": "->"
        },
        {
            "file": "/home/bidyapith/public_html/jmagc-atos.bidyapith.com/vendor/laravel/framework/src/Illuminate/Routing/Router.php",
            "line": 821,
            "function": "then",
            "class": "Illuminate\\Pipeline\\Pipeline",
            "type": "->"
        },
        {
            "file": "/home/bidyapith/public_html/jmagc-atos.bidyapith.com/vendor/laravel/framework/src/Illuminate/Routing/Router.php",
            "line": 800,
            "function": "runRouteWithinStack",
            "class": "Illuminate\\Routing\\Router",
            "type": "->"
        },
        {
            "file": "/home/bidyapith/public_html/jmagc-atos.bidyapith.com/vendor/laravel/framework/src/Illuminate/Routing/Router.php",
            "line": 764,
            "function": "runRoute",
            "class": "Illuminate\\Routing\\Router",
            "type": "->"
        },
        {
            "file": "/home/bidyapith/public_html/jmagc-atos.bidyapith.com/vendor/laravel/framework/src/Illuminate/Routing/Router.php",
            "line": 753,
            "function": "dispatchToRoute",
            "class": "Illuminate\\Routing\\Router",
            "type": "->"
        },
        {
            "file": "/home/bidyapith/public_html/jmagc-atos.bidyapith.com/vendor/laravel/framework/src/Illuminate/Foundation/Http/Kernel.php",
            "line": 200,
            "function": "dispatch",
            "class": "Illuminate\\Routing\\Router",
            "type": "->"
        },
        {
            "file": "/home/bidyapith/public_html/jmagc-atos.bidyapith.com/vendor/laravel/framework/src/Illuminate/Pipeline/Pipeline.php",
            "line": 180,
            "function": "Illuminate\\Foundation\\Http\\{closure}",
            "class": "Illuminate\\Foundation\\Http\\Kernel",
            "type": "->"
        },
        {
            "file": "/home/bidyapith/public_html/jmagc-atos.bidyapith.com/vendor/laravel/framework/src/Illuminate/Foundation/Http/Middleware/TransformsRequest.php",
            "line": 21,
            "function": "Illuminate\\Pipeline\\{closure}",
            "class": "Illuminate\\Pipeline\\Pipeline",
            "type": "->"
        },
        {
            "file": "/home/bidyapith/public_html/jmagc-atos.bidyapith.com/vendor/laravel/framework/src/Illuminate/Foundation/Http/Middleware/ConvertEmptyStringsToNull.php",
            "line": 31,
            "function": "handle",
            "class": "Illuminate\\Foundation\\Http\\Middleware\\TransformsRequest",
            "type": "->"
        },
        {
            "file": "/home/bidyapith/public_html/jmagc-atos.bidyapith.com/vendor/laravel/framework/src/Illuminate/Pipeline/Pipeline.php",
            "line": 219,
            "function": "handle",
            "class": "Illuminate\\Foundation\\Http\\Middleware\\ConvertEmptyStringsToNull",
            "type": "->"
        },
        {
            "file": "/home/bidyapith/public_html/jmagc-atos.bidyapith.com/vendor/laravel/framework/src/Illuminate/Foundation/Http/Middleware/TransformsRequest.php",
            "line": 21,
            "function": "Illuminate\\Pipeline\\{closure}",
            "class": "Illuminate\\Pipeline\\Pipeline",
            "type": "->"
        },
        {
            "file": "/home/bidyapith/public_html/jmagc-atos.bidyapith.com/vendor/laravel/framework/src/Illuminate/Foundation/Http/Middleware/TrimStrings.php",
            "line": 51,
            "function": "handle",
            "class": "Illuminate\\Foundation\\Http\\Middleware\\TransformsRequest",
            "type": "->"
        },
        {
            "file": "/home/bidyapith/public_html/jmagc-atos.bidyapith.com/vendor/laravel/framework/src/Illuminate/Pipeline/Pipeline.php",
            "line": 219,
            "function": "handle",
            "class": "Illuminate\\Foundation\\Http\\Middleware\\TrimStrings",
            "type": "->"
        },
        {
            "file": "/home/bidyapith/public_html/jmagc-atos.bidyapith.com/vendor/laravel/framework/src/Illuminate/Http/Middleware/ValidatePostSize.php",
            "line": 27,
            "function": "Illuminate\\Pipeline\\{closure}",
            "class": "Illuminate\\Pipeline\\Pipeline",
            "type": "->"
        },
        {
            "file": "/home/bidyapith/public_html/jmagc-atos.bidyapith.com/vendor/laravel/framework/src/Illuminate/Pipeline/Pipeline.php",
            "line": 219,
            "function": "handle",
            "class": "Illuminate\\Http\\Middleware\\ValidatePostSize",
            "type": "->"
        },
        {
            "file": "/home/bidyapith/public_html/jmagc-atos.bidyapith.com/vendor/laravel/framework/src/Illuminate/Foundation/Http/Middleware/PreventRequestsDuringMaintenance.php",
            "line": 109,
            "function": "Illuminate\\Pipeline\\{closure}",
            "class": "Illuminate\\Pipeline\\Pipeline",
            "type": "->"
        },
        {
            "file": "/home/bidyapith/public_html/jmagc-atos.bidyapith.com/vendor/laravel/framework/src/Illuminate/Pipeline/Pipeline.php",
            "line": 219,
            "function": "handle",
            "class": "Illuminate\\Foundation\\Http\\Middleware\\PreventRequestsDuringMaintenance",
            "type": "->"
        },
        {
            "file": "/home/bidyapith/public_html/jmagc-atos.bidyapith.com/vendor/laravel/framework/src/Illuminate/Http/Middleware/HandleCors.php",
            "line": 61,
            "function": "Illuminate\\Pipeline\\{closure}",
            "class": "Illuminate\\Pipeline\\Pipeline",
            "type": "->"
        },
        {
            "file": "/home/bidyapith/public_html/jmagc-atos.bidyapith.com/vendor/laravel/framework/src/Illuminate/Pipeline/Pipeline.php",
            "line": 219,
            "function": "handle",
            "class": "Illuminate\\Http\\Middleware\\HandleCors",
            "type": "->"
        },
        {
            "file": "/home/bidyapith/public_html/jmagc-atos.bidyapith.com/vendor/laravel/framework/src/Illuminate/Http/Middleware/TrustProxies.php",
            "line": 58,
            "function": "Illuminate\\Pipeline\\{closure}",
            "class": "Illuminate\\Pipeline\\Pipeline",
            "type": "->"
        },
        {
            "file": "/home/bidyapith/public_html/jmagc-atos.bidyapith.com/vendor/laravel/framework/src/Illuminate/Pipeline/Pipeline.php",
            "line": 219,
            "function": "handle",
            "class": "Illuminate\\Http\\Middleware\\TrustProxies",
            "type": "->"
        },
        {
            "file": "/home/bidyapith/public_html/jmagc-atos.bidyapith.com/vendor/laravel/framework/src/Illuminate/Foundation/Http/Middleware/InvokeDeferredCallbacks.php",
            "line": 22,
            "function": "Illuminate\\Pipeline\\{closure}",
            "class": "Illuminate\\Pipeline\\Pipeline",
            "type": "->"
        },
        {
            "file": "/home/bidyapith/public_html/jmagc-atos.bidyapith.com/vendor/laravel/framework/src/Illuminate/Pipeline/Pipeline.php",
            "line": 219,
            "function": "handle",
            "class": "Illuminate\\Foundation\\Http\\Middleware\\InvokeDeferredCallbacks",
            "type": "->"
        },
        {
            "file": "/home/bidyapith/public_html/jmagc-atos.bidyapith.com/vendor/laravel/framework/src/Illuminate/Http/Middleware/ValidatePathEncoding.php",
            "line": 26,
            "function": "Illuminate\\Pipeline\\{closure}",
            "class": "Illuminate\\Pipeline\\Pipeline",
            "type": "->"
        },
        {
            "file": "/home/bidyapith/public_html/jmagc-atos.bidyapith.com/vendor/laravel/framework/src/Illuminate/Pipeline/Pipeline.php",
            "line": 219,
            "function": "handle",
            "class": "Illuminate\\Http\\Middleware\\ValidatePathEncoding",
            "type": "->"
        },
        {
            "file": "/home/bidyapith/public_html/jmagc-atos.bidyapith.com/vendor/laravel/framework/src/Illuminate/Pipeline/Pipeline.php",
            "line": 137,
            "function": "Illuminate\\Pipeline\\{closure}",
            "class": "Illuminate\\Pipeline\\Pipeline",
            "type": "->"
        },
        {
            "file": "/home/bidyapith/public_html/jmagc-atos.bidyapith.com/vendor/laravel/framework/src/Illuminate/Foundation/Http/Kernel.php",
            "line": 175,
            "function": "then",
            "class": "Illuminate\\Pipeline\\Pipeline",
            "type": "->"
        },
        {
            "file": "/home/bidyapith/public_html/jmagc-atos.bidyapith.com/vendor/laravel/framework/src/Illuminate/Foundation/Http/Kernel.php",
            "line": 144,
            "function": "sendRequestThroughRouter",
            "class": "Illuminate\\Foundation\\Http\\Kernel",
            "type": "->"
        },
        {
            "file": "/home/bidyapith/public_html/jmagc-atos.bidyapith.com/vendor/laravel/framework/src/Illuminate/Foundation/Application.php",
            "line": 1220,
            "function": "handle",
            "class": "Illuminate\\Foundation\\Http\\Kernel",
            "type": "->"
        },
        {
            "file": "/home/bidyapith/public_html/jmagc-atos.bidyapith.com/public/index.php",
            "line": 20,
            "function": "handleRequest",
            "class": "Illuminate\\Foundation\\Application",
            "type": "->"
        }
    ]
}
